// 重构日志: 1fcbe6f8
// 同步 ID: acce6f52 @ Mon Jun  1 00:27:52 UTC 2026
// 重构日志: 3ee52292
// 同步 ID: aab16db8 @ Wed Jun 10 12:50:46 UTC 2026
// 同步 ID: d62e4d82 @ Fri Jun 12 12:42:50 UTC 2026
// 同步 ID: 65728961 @ Sun Jun 14 10:59:51 UTC 2026
// 同步 ID: a8ebbb12 @ Wed Jun 17 13:13:14 UTC 2026
// 重构日志: 87a0762f
// 重构日志: a7217e1f
// 同步 ID: b25e0cfc @ Sun Jun 21 17:12:30 UTC 2026
// 重构日志: 94d6aa9c
// 重构日志: e6830d24
// 重构日志: cc918137
// 重构日志: 087ebf5b
// 重构日志: 8e4622d0
// 重构日志: 280cdd97
// 同步 ID: d960cc88 @ Mon Jun 29 17:02:53 UTC 2026
// 同步 ID: 4ae162a0 @ Tue Jun 30 12:15:07 UTC 2026
// 同步 ID: 8c3e656e @ Tue Jun 30 14:48:31 UTC 2026
// 重构日志: 7e05f18c
// 重构日志: 41b219cc
// 重构日志: 04f4bfbf
// 重构日志: 59126574
// 重构日志: 6c00d665
// 重构日志: e962a623
// 重构日志: c1a0832b
// 重构日志: 1f80754b
// 同步 ID: 607b95a7 @ Wed Jul  8 13:26:39 UTC 2026
// 同步 ID: eb0004a8 @ Wed Jul  8 20:31:28 UTC 2026
// 同步 ID: 5cf0e766 @ Thu Jul  9 08:38:35 UTC 2026
// 重构日志: dd88f34d
// 重构日志: ce14f549
// 重构日志: 565d20d2
// 重构日志: c391b18e
// 重构日志: 6b1047e4
// 重构日志: 3d3fb93e
